2019-07-14 22:00:34,487 [Worker-4: Loading available Gradle versions] INFO  o.e.b.c.i.u.g.PublishedGradleVersions - Gradle version information cache is out-of-date. Trying to update.
2019-07-14 22:08:09,397 [Worker-13: Import Getting Started Content] INFO  o.e.m.c.i.l.LifecycleMappingFactory - Using org.eclipse.m2e.jdt.JarLifecycleMapping lifecycle mapping for MavenProject: com.example:prodajaVozila:0.0.1-SNAPSHOT @ D:\spring\prodajaVozila\prodajaVozila\pom.xml.
2019-07-14 22:08:28,963 [Worker-13: Import Getting Started Content] INFO  o.e.m.j.i.AbstractJavaProjectConfigurator - Adding source folder /prodajaVozila/src/main/java
2019-07-14 22:08:28,964 [Worker-13: Import Getting Started Content] INFO  o.e.m.j.i.AbstractJavaProjectConfigurator - Adding resource folder /prodajaVozila/src/main/resources
2019-07-14 22:08:28,982 [Worker-13: Import Getting Started Content] INFO  o.e.m.j.i.AbstractJavaProjectConfigurator - Adding resource folder /prodajaVozila/src/main/resources
2019-07-14 22:08:29,010 [Worker-13: Import Getting Started Content] INFO  o.e.m.j.i.AbstractJavaProjectConfigurator - Adding source folder /prodajaVozila/src/test/java
2019-07-14 22:08:53,359 [Worker-13: Import Getting Started Content] INFO  o.e.m.c.i.p.ProjectConfigurationManager - Imported and configured 1 project(s) in 68 sec
2019-07-14 22:08:53,365 [Worker-13: Import Getting Started Content] INFO  o.e.m.c.i.p.ProjectConfigurationManager - Update started
2019-07-14 22:08:55,218 [Worker-13: Import Getting Started Content] INFO  o.e.m.c.i.l.LifecycleMappingFactory - Using org.eclipse.m2e.jdt.JarLifecycleMapping lifecycle mapping for MavenProject: com.example:prodajaVozila:0.0.1-SNAPSHOT @ D:\spring\prodajaVozila\prodajaVozila\pom.xml.
2019-07-14 22:08:57,894 [Worker-13: Import Getting Started Content] INFO  o.e.m.j.i.AbstractJavaProjectConfigurator - Adding source folder /prodajaVozila/src/main/java
2019-07-14 22:08:57,895 [Worker-13: Import Getting Started Content] INFO  o.e.m.j.i.AbstractJavaProjectConfigurator - Adding resource folder /prodajaVozila/src/main/resources
2019-07-14 22:08:57,896 [Worker-13: Import Getting Started Content] INFO  o.e.m.j.i.AbstractJavaProjectConfigurator - Adding resource folder /prodajaVozila/src/main/resources
2019-07-14 22:08:57,898 [Worker-13: Import Getting Started Content] INFO  o.e.m.j.i.AbstractJavaProjectConfigurator - Adding source folder /prodajaVozila/src/test/java
2019-07-14 22:08:59,238 [Worker-13: Import Getting Started Content] INFO  o.e.m.c.i.p.ProjectConfigurationManager - Update completed: 5 sec
2019-07-14 22:09:17,107 [Worker-16: Building workspace] INFO  o.e.m.c.i.embedder.EclipseLogger - Using 'UTF-8' encoding to copy filtered resources.
2019-07-14 22:09:17,126 [Worker-16: Building workspace] INFO  o.e.m.c.i.embedder.EclipseLogger - Copying 1 resource
2019-07-14 22:09:17,153 [Worker-16: Building workspace] INFO  o.e.m.c.i.embedder.EclipseLogger - Copying 0 resource
2019-07-14 22:09:17,158 [Worker-16: Building workspace] INFO  o.e.m.c.i.embedder.EclipseLogger - Using 'UTF-8' encoding to copy filtered resources.
2019-07-14 22:09:17,158 [Worker-16: Building workspace] INFO  o.e.m.c.i.embedder.EclipseLogger - skip non existing resourceDirectory D:\spring\prodajaVozila\prodajaVozila\src\test\resources
2019-07-14 22:10:20,074 [Worker-16: Building workspace] INFO  o.e.m.c.i.l.LifecycleMappingFactory - Using org.eclipse.m2e.jdt.JarLifecycleMapping lifecycle mapping for MavenProject: com.example:prodajaVozila:0.0.1-SNAPSHOT @ D:\spring\prodajaVozila\prodajaVozila\pom.xml.
2019-07-14 22:10:40,119 [Worker-16: Building workspace] INFO  o.e.m.c.i.embedder.EclipseLogger - Using 'UTF-8' encoding to copy filtered resources.
2019-07-14 22:10:40,127 [Worker-16: Building workspace] INFO  o.e.m.c.i.embedder.EclipseLogger - Copying 0 resource
2019-07-14 22:10:40,127 [Worker-16: Building workspace] INFO  o.e.m.c.i.embedder.EclipseLogger - Copying 0 resource
2019-07-14 22:10:40,132 [Worker-16: Building workspace] INFO  o.e.m.c.i.embedder.EclipseLogger - Using 'UTF-8' encoding to copy filtered resources.
2019-07-14 22:10:40,133 [Worker-16: Building workspace] INFO  o.e.m.c.i.embedder.EclipseLogger - skip non existing resourceDirectory D:\spring\prodajaVozila\prodajaVozila\src\test\resources
2019-07-14 22:11:16,005 [Worker-13: Building workspace] INFO  o.e.m.c.i.embedder.EclipseLogger - Using 'UTF-8' encoding to copy filtered resources.
2019-07-14 22:11:16,224 [Worker-13: Building workspace] INFO  o.e.m.c.i.embedder.EclipseLogger - Copying 1 resource
2019-07-14 22:11:16,838 [Worker-13: Building workspace] INFO  o.e.m.c.i.embedder.EclipseLogger - Copying 0 resource
2019-07-14 22:11:16,846 [Worker-13: Building workspace] INFO  o.e.m.c.i.embedder.EclipseLogger - Using 'UTF-8' encoding to copy filtered resources.
2019-07-14 22:11:16,847 [Worker-13: Building workspace] INFO  o.e.m.c.i.embedder.EclipseLogger - skip non existing resourceDirectory D:\spring\prodajaVozila\prodajaVozila\src\test\resources
2019-07-14 22:12:01,135 [Worker-13: Updating Maven Project] INFO  o.e.m.c.i.p.ProjectConfigurationManager - Update started
2019-07-14 22:12:09,151 [Worker-13: Updating Maven Project] INFO  o.e.m.c.i.l.LifecycleMappingFactory - Using org.eclipse.m2e.jdt.JarLifecycleMapping lifecycle mapping for MavenProject: com.example:prodajaVozila:0.0.1-SNAPSHOT @ D:\spring\prodajaVozila\prodajaVozila\pom.xml.
2019-07-14 22:12:15,010 [Worker-13: Updating Maven Project] INFO  o.e.m.j.i.AbstractJavaProjectConfigurator - Adding source folder /prodajaVozila/src/main/java
2019-07-14 22:12:15,010 [Worker-13: Updating Maven Project] INFO  o.e.m.j.i.AbstractJavaProjectConfigurator - Adding resource folder /prodajaVozila/src/main/resources
2019-07-14 22:12:15,010 [Worker-13: Updating Maven Project] INFO  o.e.m.j.i.AbstractJavaProjectConfigurator - Adding resource folder /prodajaVozila/src/main/resources
2019-07-14 22:12:15,010 [Worker-13: Updating Maven Project] INFO  o.e.m.j.i.AbstractJavaProjectConfigurator - Adding source folder /prodajaVozila/src/test/java
2019-07-14 22:12:18,635 [Worker-13: Updating Maven Project] INFO  o.e.m.c.i.p.ProjectConfigurationManager - Update completed: 17 sec
2019-07-14 22:12:21,697 [Worker-10: Building workspace] INFO  o.e.m.c.i.embedder.EclipseLogger - Using 'UTF-8' encoding to copy filtered resources.
2019-07-14 22:12:21,697 [Worker-10: Building workspace] INFO  o.e.m.c.i.embedder.EclipseLogger - Copying 1 resource
2019-07-14 22:12:21,729 [Worker-10: Building workspace] INFO  o.e.m.c.i.embedder.EclipseLogger - Copying 0 resource
2019-07-14 22:12:21,729 [Worker-10: Building workspace] INFO  o.e.m.c.i.embedder.EclipseLogger - Using 'UTF-8' encoding to copy filtered resources.
2019-07-14 22:12:21,729 [Worker-10: Building workspace] INFO  o.e.m.c.i.embedder.EclipseLogger - skip non existing resourceDirectory D:\spring\prodajaVozila\prodajaVozila\src\test\resources
2019-07-14 22:14:57,488 [Worker-21: Building workspace] INFO  o.e.m.c.i.embedder.EclipseLogger - Using 'UTF-8' encoding to copy filtered resources.
2019-07-14 22:14:57,488 [Worker-21: Building workspace] INFO  o.e.m.c.i.embedder.EclipseLogger - Copying 1 resource
2019-07-14 22:14:57,488 [Worker-21: Building workspace] INFO  o.e.m.c.i.embedder.EclipseLogger - Copying 0 resource
2019-07-14 22:14:57,503 [Worker-21: Building workspace] INFO  o.e.m.c.i.embedder.EclipseLogger - Using 'UTF-8' encoding to copy filtered resources.
2019-07-14 22:14:57,503 [Worker-21: Building workspace] INFO  o.e.m.c.i.embedder.EclipseLogger - skip non existing resourceDirectory D:\spring\prodajaVozila\prodajaVozila\src\test\resources
2019-07-14 22:15:00,800 [Worker-21: Building workspace] INFO  o.e.m.c.i.embedder.EclipseLogger - Using 'UTF-8' encoding to copy filtered resources.
2019-07-14 22:15:00,800 [Worker-21: Building workspace] INFO  o.e.m.c.i.embedder.EclipseLogger - Copying 1 resource
2019-07-14 22:15:00,800 [Worker-21: Building workspace] INFO  o.e.m.c.i.embedder.EclipseLogger - Copying 0 resource
2019-07-14 22:15:00,800 [Worker-21: Building workspace] INFO  o.e.m.c.i.embedder.EclipseLogger - Using 'UTF-8' encoding to copy filtered resources.
2019-07-14 22:15:00,800 [Worker-21: Building workspace] INFO  o.e.m.c.i.embedder.EclipseLogger - skip non existing resourceDirectory D:\spring\prodajaVozila\prodajaVozila\src\test\resources
2019-07-14 22:21:35,625 [Worker-25: Building workspace] INFO  o.e.m.c.i.embedder.EclipseLogger - Using 'UTF-8' encoding to copy filtered resources.
2019-07-14 22:21:35,625 [Worker-25: Building workspace] INFO  o.e.m.c.i.embedder.EclipseLogger - Copying 1 resource
2019-07-14 22:21:35,625 [Worker-25: Building workspace] INFO  o.e.m.c.i.embedder.EclipseLogger - Copying 0 resource
2019-07-14 22:21:35,625 [Worker-25: Building workspace] INFO  o.e.m.c.i.embedder.EclipseLogger - Using 'UTF-8' encoding to copy filtered resources.
2019-07-14 22:21:35,625 [Worker-25: Building workspace] INFO  o.e.m.c.i.embedder.EclipseLogger - skip non existing resourceDirectory D:\spring\prodajaVozila\prodajaVozila\src\test\resources
2019-07-14 22:27:02,337 [Worker-21: Building workspace] INFO  o.e.m.c.i.embedder.EclipseLogger - Using 'UTF-8' encoding to copy filtered resources.
2019-07-14 22:27:02,369 [Worker-21: Building workspace] INFO  o.e.m.c.i.embedder.EclipseLogger - Copying 1 resource
2019-07-14 22:27:02,369 [Worker-21: Building workspace] INFO  o.e.m.c.i.embedder.EclipseLogger - Copying 0 resource
2019-07-14 22:27:02,369 [Worker-21: Building workspace] INFO  o.e.m.c.i.embedder.EclipseLogger - Using 'UTF-8' encoding to copy filtered resources.
2019-07-14 22:27:02,369 [Worker-21: Building workspace] INFO  o.e.m.c.i.embedder.EclipseLogger - skip non existing resourceDirectory D:\spring\prodajaVozila\prodajaVozila\src\test\resources
2019-07-14 22:27:43,010 [Worker-21: Building workspace] INFO  o.e.m.c.i.embedder.EclipseLogger - Using 'UTF-8' encoding to copy filtered resources.
2019-07-14 22:27:43,025 [Worker-21: Building workspace] INFO  o.e.m.c.i.embedder.EclipseLogger - Copying 1 resource
2019-07-14 22:27:43,025 [Worker-21: Building workspace] INFO  o.e.m.c.i.embedder.EclipseLogger - Copying 0 resource
2019-07-14 22:27:43,135 [Worker-21: Building workspace] INFO  o.e.m.c.i.embedder.EclipseLogger - Using 'UTF-8' encoding to copy filtered resources.
2019-07-14 22:27:43,135 [Worker-21: Building workspace] INFO  o.e.m.c.i.embedder.EclipseLogger - skip non existing resourceDirectory D:\spring\prodajaVozila\prodajaVozila\src\test\resources
2019-07-14 22:30:42,973 [Worker-32: Building workspace] INFO  o.e.m.c.i.embedder.EclipseLogger - Using 'UTF-8' encoding to copy filtered resources.
2019-07-14 22:30:42,973 [Worker-32: Building workspace] INFO  o.e.m.c.i.embedder.EclipseLogger - Copying 1 resource
2019-07-14 22:30:43,004 [Worker-32: Building workspace] INFO  o.e.m.c.i.embedder.EclipseLogger - Copying 0 resource
2019-07-14 22:30:43,004 [Worker-32: Building workspace] INFO  o.e.m.c.i.embedder.EclipseLogger - Using 'UTF-8' encoding to copy filtered resources.
2019-07-14 22:30:43,004 [Worker-32: Building workspace] INFO  o.e.m.c.i.embedder.EclipseLogger - skip non existing resourceDirectory D:\spring\prodajaVozila\prodajaVozila\src\test\resources
2019-07-14 22:31:50,096 [Worker-21: Building workspace] INFO  o.e.m.c.i.embedder.EclipseLogger - Using 'UTF-8' encoding to copy filtered resources.
2019-07-14 22:31:50,096 [Worker-21: Building workspace] INFO  o.e.m.c.i.embedder.EclipseLogger - Copying 1 resource
2019-07-14 22:31:50,096 [Worker-21: Building workspace] INFO  o.e.m.c.i.embedder.EclipseLogger - Copying 0 resource
2019-07-14 22:31:50,112 [Worker-21: Building workspace] INFO  o.e.m.c.i.embedder.EclipseLogger - Using 'UTF-8' encoding to copy filtered resources.
2019-07-14 22:31:50,112 [Worker-21: Building workspace] INFO  o.e.m.c.i.embedder.EclipseLogger - skip non existing resourceDirectory D:\spring\prodajaVozila\prodajaVozila\src\test\resources
2019-07-14 22:33:16,516 [Worker-21: Launching Executing install in D__spring_prodajaVozila_prodajaVozila] INFO  o.e.m.i.launch.MavenLaunchDelegate - D:\spring\prodajaVozila\prodajaVozila
2019-07-14 22:33:16,516 [Worker-21: Launching Executing install in D__spring_prodajaVozila_prodajaVozila] INFO  o.e.m.i.launch.MavenLaunchDelegate -  mvn -Ppom.xml -B install
2019-07-14 22:34:56,149 [Worker-23: Building workspace] INFO  o.e.m.c.i.embedder.EclipseLogger - Using 'UTF-8' encoding to copy filtered resources.
2019-07-14 22:34:56,180 [Worker-23: Building workspace] INFO  o.e.m.c.i.embedder.EclipseLogger - Copying 1 resource
2019-07-14 22:34:56,196 [Worker-23: Building workspace] INFO  o.e.m.c.i.embedder.EclipseLogger - Copying 0 resource
2019-07-14 22:34:56,196 [Worker-23: Building workspace] INFO  o.e.m.c.i.embedder.EclipseLogger - Using 'UTF-8' encoding to copy filtered resources.
2019-07-14 22:34:56,196 [Worker-23: Building workspace] INFO  o.e.m.c.i.embedder.EclipseLogger - skip non existing resourceDirectory D:\spring\prodajaVozila\prodajaVozila\src\test\resources
2019-07-15 22:33:28,071 [Worker-60: Building workspace] INFO  o.e.m.c.i.l.LifecycleMappingFactory - Using org.eclipse.m2e.jdt.JarLifecycleMapping lifecycle mapping for MavenProject: com.example:prodajaVozila:0.0.1-SNAPSHOT @ D:\spring\prodajaVozila\prodajaVozila\pom.xml.
2019-07-15 22:34:36,827 [Worker-60: Building workspace] INFO  o.e.m.c.i.embedder.EclipseLogger - Using 'UTF-8' encoding to copy filtered resources.
2019-07-15 22:34:36,840 [Worker-60: Building workspace] INFO  o.e.m.c.i.embedder.EclipseLogger - Copying 0 resource
2019-07-15 22:34:36,841 [Worker-60: Building workspace] INFO  o.e.m.c.i.embedder.EclipseLogger - Copying 0 resource
2019-07-15 22:34:36,851 [Worker-60: Building workspace] INFO  o.e.m.c.i.embedder.EclipseLogger - Using 'UTF-8' encoding to copy filtered resources.
2019-07-15 22:34:36,851 [Worker-60: Building workspace] INFO  o.e.m.c.i.embedder.EclipseLogger - skip non existing resourceDirectory D:\spring\prodajaVozila\prodajaVozila\src\test\resources
2019-07-15 22:35:13,895 [Worker-59: Building workspace] INFO  o.e.m.c.i.embedder.EclipseLogger - Using 'UTF-8' encoding to copy filtered resources.
2019-07-15 22:35:13,896 [Worker-59: Building workspace] INFO  o.e.m.c.i.embedder.EclipseLogger - Copying 1 resource
2019-07-15 22:35:14,228 [Worker-59: Building workspace] INFO  o.e.m.c.i.embedder.EclipseLogger - Copying 1 resource
2019-07-15 22:35:14,901 [Worker-59: Building workspace] INFO  o.e.m.c.i.embedder.EclipseLogger - Using 'UTF-8' encoding to copy filtered resources.
2019-07-15 22:35:14,901 [Worker-59: Building workspace] INFO  o.e.m.c.i.embedder.EclipseLogger - skip non existing resourceDirectory D:\spring\prodajaVozila\prodajaVozila\src\test\resources
2019-07-15 22:54:01,082 [Worker-75: Building workspace] INFO  o.e.m.c.i.embedder.EclipseLogger - Using 'UTF-8' encoding to copy filtered resources.
2019-07-15 22:54:01,089 [Worker-75: Building workspace] INFO  o.e.m.c.i.embedder.EclipseLogger - Copying 1 resource
2019-07-15 22:54:01,135 [Worker-75: Building workspace] INFO  o.e.m.c.i.embedder.EclipseLogger - Copying 1 resource
2019-07-15 22:54:01,139 [Worker-75: Building workspace] INFO  o.e.m.c.i.embedder.EclipseLogger - Using 'UTF-8' encoding to copy filtered resources.
2019-07-15 22:54:01,139 [Worker-75: Building workspace] INFO  o.e.m.c.i.embedder.EclipseLogger - skip non existing resourceDirectory D:\spring\prodajaVozila\prodajaVozila\src\test\resources
2019-07-15 22:55:59,082 [Worker-77: Building workspace] INFO  o.e.m.c.i.embedder.EclipseLogger - Using 'UTF-8' encoding to copy filtered resources.
2019-07-15 22:55:59,084 [Worker-77: Building workspace] INFO  o.e.m.c.i.embedder.EclipseLogger - Copying 1 resource
2019-07-15 22:55:59,096 [Worker-77: Building workspace] INFO  o.e.m.c.i.embedder.EclipseLogger - Copying 1 resource
2019-07-15 22:55:59,099 [Worker-77: Building workspace] INFO  o.e.m.c.i.embedder.EclipseLogger - Using 'UTF-8' encoding to copy filtered resources.
2019-07-15 22:55:59,100 [Worker-77: Building workspace] INFO  o.e.m.c.i.embedder.EclipseLogger - skip non existing resourceDirectory D:\spring\prodajaVozila\prodajaVozila\src\test\resources
2019-07-15 22:56:38,850 [Worker-74: Launching Executing install in D__spring_prodajaVozila_prodajaVozila] INFO  o.e.m.i.launch.MavenLaunchDelegate - D:\spring\prodajaVozila\prodajaVozila
2019-07-15 22:56:38,851 [Worker-74: Launching Executing install in D__spring_prodajaVozila_prodajaVozila] INFO  o.e.m.i.launch.MavenLaunchDelegate -  mvn -Ppom.xml -B install
2019-07-15 22:59:32,740 [Worker-75: Building workspace] INFO  o.e.m.c.i.embedder.EclipseLogger - Using 'UTF-8' encoding to copy filtered resources.
2019-07-15 22:59:32,742 [Worker-75: Building workspace] INFO  o.e.m.c.i.embedder.EclipseLogger - Copying 1 resource
2019-07-15 22:59:32,759 [Worker-75: Building workspace] INFO  o.e.m.c.i.embedder.EclipseLogger - Copying 1 resource
2019-07-15 22:59:32,763 [Worker-75: Building workspace] INFO  o.e.m.c.i.embedder.EclipseLogger - Using 'UTF-8' encoding to copy filtered resources.
2019-07-15 22:59:32,764 [Worker-75: Building workspace] INFO  o.e.m.c.i.embedder.EclipseLogger - skip non existing resourceDirectory D:\spring\prodajaVozila\prodajaVozila\src\test\resources
2019-07-15 23:19:41,055 [Worker-83: Updating Maven Project] INFO  o.e.m.c.i.p.ProjectConfigurationManager - Update started
2019-07-15 23:20:14,558 [Worker-83: Updating Maven Project] INFO  o.e.m.c.i.l.LifecycleMappingFactory - Using org.eclipse.m2e.jdt.JarLifecycleMapping lifecycle mapping for MavenProject: com.example:prodajaVozila:0.0.1-SNAPSHOT @ D:\spring\prodajaVozila\prodajaVozila\pom.xml.
2019-07-15 23:20:24,187 [Worker-83: Updating Maven Project] INFO  o.e.m.j.i.AbstractJavaProjectConfigurator - Adding source folder /prodajaVozila/src/main/java
2019-07-15 23:20:24,188 [Worker-83: Updating Maven Project] INFO  o.e.m.j.i.AbstractJavaProjectConfigurator - Adding resource folder /prodajaVozila/src/main/resources
2019-07-15 23:20:24,188 [Worker-83: Updating Maven Project] INFO  o.e.m.j.i.AbstractJavaProjectConfigurator - Adding resource folder /prodajaVozila/src/main/resources
2019-07-15 23:20:24,189 [Worker-83: Updating Maven Project] INFO  o.e.m.j.i.AbstractJavaProjectConfigurator - Adding source folder /prodajaVozila/src/test/java
2019-07-15 23:20:26,643 [Worker-83: Updating Maven Project] INFO  o.e.m.c.i.p.ProjectConfigurationManager - Update completed: 45 sec
2019-07-15 23:20:53,912 [Worker-84: Building workspace] INFO  o.e.m.c.i.embedder.EclipseLogger - Using 'UTF-8' encoding to copy filtered resources.
2019-07-15 23:20:53,914 [Worker-84: Building workspace] INFO  o.e.m.c.i.embedder.EclipseLogger - Copying 1 resource
2019-07-15 23:20:54,003 [Worker-84: Building workspace] INFO  o.e.m.c.i.embedder.EclipseLogger - Copying 1 resource
2019-07-15 23:20:54,031 [Worker-84: Building workspace] INFO  o.e.m.c.i.embedder.EclipseLogger - Using 'UTF-8' encoding to copy filtered resources.
2019-07-15 23:20:54,031 [Worker-84: Building workspace] INFO  o.e.m.c.i.embedder.EclipseLogger - skip non existing resourceDirectory D:\spring\prodajaVozila\prodajaVozila\src\test\resources
2019-07-15 23:26:59,462 [Worker-84: Building workspace] INFO  o.e.m.c.i.embedder.EclipseLogger - Using 'UTF-8' encoding to copy filtered resources.
2019-07-15 23:26:59,467 [Worker-84: Building workspace] INFO  o.e.m.c.i.embedder.EclipseLogger - Copying 1 resource
2019-07-15 23:26:59,555 [Worker-84: Building workspace] INFO  o.e.m.c.i.embedder.EclipseLogger - Copying 1 resource
2019-07-15 23:26:59,558 [Worker-84: Building workspace] INFO  o.e.m.c.i.embedder.EclipseLogger - Using 'UTF-8' encoding to copy filtered resources.
2019-07-15 23:26:59,558 [Worker-84: Building workspace] INFO  o.e.m.c.i.embedder.EclipseLogger - skip non existing resourceDirectory D:\spring\prodajaVozila\prodajaVozila\src\test\resources
2019-07-15 23:28:57,266 [Worker-83: Building workspace] INFO  o.e.m.c.i.embedder.EclipseLogger - Using 'UTF-8' encoding to copy filtered resources.
2019-07-15 23:28:57,268 [Worker-83: Building workspace] INFO  o.e.m.c.i.embedder.EclipseLogger - Copying 1 resource
2019-07-15 23:28:57,273 [Worker-83: Building workspace] INFO  o.e.m.c.i.embedder.EclipseLogger - Copying 1 resource
2019-07-15 23:28:57,276 [Worker-83: Building workspace] INFO  o.e.m.c.i.embedder.EclipseLogger - Using 'UTF-8' encoding to copy filtered resources.
2019-07-15 23:28:57,276 [Worker-83: Building workspace] INFO  o.e.m.c.i.embedder.EclipseLogger - skip non existing resourceDirectory D:\spring\prodajaVozila\prodajaVozila\src\test\resources
2019-07-15 23:29:48,684 [Worker-79: Launching Executing install in D__spring_prodajaVozila_prodajaVozila] INFO  o.e.m.i.launch.MavenLaunchDelegate - D:\spring\prodajaVozila\prodajaVozila
2019-07-15 23:29:48,684 [Worker-79: Launching Executing install in D__spring_prodajaVozila_prodajaVozila] INFO  o.e.m.i.launch.MavenLaunchDelegate -  mvn -Ppom.xml -B install
2019-07-18 18:08:24,134 [Worker-103: Building workspace] INFO  o.e.m.c.i.embedder.EclipseLogger - Using 'UTF-8' encoding to copy filtered resources.
2019-07-18 18:08:24,222 [Worker-103: Building workspace] INFO  o.e.m.c.i.embedder.EclipseLogger - Copying 1 resource
2019-07-18 18:08:24,228 [Worker-103: Building workspace] INFO  o.e.m.c.i.embedder.EclipseLogger - Copying 1 resource
2019-07-18 18:08:24,262 [Worker-103: Building workspace] INFO  o.e.m.c.i.embedder.EclipseLogger - Using 'UTF-8' encoding to copy filtered resources.
2019-07-18 18:08:24,262 [Worker-103: Building workspace] INFO  o.e.m.c.i.embedder.EclipseLogger - skip non existing resourceDirectory D:\spring\prodajaVozila\prodajaVozila\src\test\resources
2019-07-18 18:12:54,268 [Worker-105: Building workspace] INFO  o.e.m.c.i.embedder.EclipseLogger - Using 'UTF-8' encoding to copy filtered resources.
2019-07-18 18:12:54,270 [Worker-105: Building workspace] INFO  o.e.m.c.i.embedder.EclipseLogger - Copying 1 resource
2019-07-18 18:12:54,277 [Worker-105: Building workspace] INFO  o.e.m.c.i.embedder.EclipseLogger - Copying 1 resource
2019-07-18 18:12:54,280 [Worker-105: Building workspace] INFO  o.e.m.c.i.embedder.EclipseLogger - Using 'UTF-8' encoding to copy filtered resources.
2019-07-18 18:12:54,281 [Worker-105: Building workspace] INFO  o.e.m.c.i.embedder.EclipseLogger - skip non existing resourceDirectory D:\spring\prodajaVozila\prodajaVozila\src\test\resources
2021-08-13 08:50:26,874 [Worker-4: Loading available Gradle versions] INFO  o.e.b.c.i.u.g.PublishedGradleVersions - Gradle version information cache is out-of-date. Trying to update.
2021-08-13 08:50:52,035 [Worker-18: Building workspace] INFO  o.e.m.c.i.l.LifecycleMappingFactory - Using org.eclipse.m2e.jdt.JarLifecycleMapping lifecycle mapping for MavenProject: com.example:prodajaVozila:0.0.1-SNAPSHOT @ C:\Users\Laptop\Documents\Spring\prodajaVozila\prodajaVozila\pom.xml.
2021-08-13 08:50:54,334 [Worker-18: Building workspace] INFO  o.e.m.c.i.e.AbstractTransferListenerAdapter - Downloading https://repo.maven.apache.org/maven2/org/freemarker/freemarker/2.3.20/freemarker-2.3.20.pom
2021-08-13 08:50:54,384 [Worker-18: Building workspace] INFO  o.e.m.c.i.e.AbstractTransferListenerAdapter - Downloaded https://repo.maven.apache.org/maven2/org/freemarker/freemarker/2.3.20/freemarker-2.3.20.pom
2021-08-13 08:50:54,446 [Worker-18: Building workspace] INFO  o.e.m.c.i.e.AbstractTransferListenerAdapter - Downloading https://repo.maven.apache.org/maven2/com/sun/mail/javax.mail/1.5.6/javax.mail-1.5.6.pom
2021-08-13 08:50:54,503 [Worker-18: Building workspace] INFO  o.e.m.c.i.e.AbstractTransferListenerAdapter - Downloaded https://repo.maven.apache.org/maven2/com/sun/mail/javax.mail/1.5.6/javax.mail-1.5.6.pom
2021-08-13 08:50:54,558 [Worker-18: Building workspace] INFO  o.e.m.c.i.e.AbstractTransferListenerAdapter - Downloading https://repo.maven.apache.org/maven2/com/sun/mail/all/1.5.6/all-1.5.6.pom
2021-08-13 08:50:54,635 [Worker-18: Building workspace] INFO  o.e.m.c.i.e.AbstractTransferListenerAdapter - Downloaded https://repo.maven.apache.org/maven2/com/sun/mail/all/1.5.6/all-1.5.6.pom
2021-08-13 08:50:54,811 [Worker-18: Building workspace] INFO  o.e.m.c.i.e.AbstractTransferListenerAdapter - Downloading https://repo.maven.apache.org/maven2/org/freemarker/freemarker/2.3.20/freemarker-2.3.20.jar
2021-08-13 08:50:55,213 [Worker-18: Building workspace] INFO  o.e.m.c.i.e.AbstractTransferListenerAdapter - Downloaded https://repo.maven.apache.org/maven2/org/freemarker/freemarker/2.3.20/freemarker-2.3.20.jar
2021-08-13 08:50:55,290 [Worker-18: Building workspace] INFO  o.e.m.c.i.e.AbstractTransferListenerAdapter - Downloading https://repo.maven.apache.org/maven2/com/sun/mail/javax.mail/1.5.6/javax.mail-1.5.6.jar
2021-08-13 08:50:55,448 [Worker-18: Building workspace] INFO  o.e.m.c.i.e.AbstractTransferListenerAdapter - Downloaded https://repo.maven.apache.org/maven2/com/sun/mail/javax.mail/1.5.6/javax.mail-1.5.6.jar
2021-08-13 08:50:57,641 [Worker-17: Download sources and javadoc] INFO  o.e.m.c.i.e.AbstractTransferListenerAdapter - Downloading https://repo.maven.apache.org/maven2/org/freemarker/freemarker/2.3.20/freemarker-2.3.20-sources.jar
2021-08-13 08:50:57,956 [Worker-17: Download sources and javadoc] INFO  o.e.m.c.i.e.AbstractTransferListenerAdapter - Downloaded https://repo.maven.apache.org/maven2/org/freemarker/freemarker/2.3.20/freemarker-2.3.20-sources.jar
2021-08-13 08:50:58,032 [Worker-17: Download sources and javadoc] INFO  o.e.m.j.internal.DownloadSourcesJob - Downloaded sources for org.freemarker:freemarker:2.3.20
2021-08-13 08:50:58,082 [Worker-17: Download sources and javadoc] INFO  o.e.m.c.i.e.AbstractTransferListenerAdapter - Downloading https://repo.maven.apache.org/maven2/com/sun/mail/javax.mail/1.5.6/javax.mail-1.5.6-sources.jar
2021-08-13 08:50:58,433 [Worker-17: Download sources and javadoc] INFO  o.e.m.c.i.e.AbstractTransferListenerAdapter - Downloaded https://repo.maven.apache.org/maven2/com/sun/mail/javax.mail/1.5.6/javax.mail-1.5.6-sources.jar
2021-08-13 08:50:58,490 [Worker-17: Download sources and javadoc] INFO  o.e.m.j.internal.DownloadSourcesJob - Downloaded sources for com.sun.mail:javax.mail:1.5.6
2021-08-13 08:50:58,561 [Worker-18: Building workspace] INFO  o.e.m.c.i.embedder.EclipseLogger - Using 'UTF-8' encoding to copy filtered resources.
2021-08-13 08:50:58,568 [Worker-18: Building workspace] INFO  o.e.m.c.i.embedder.EclipseLogger - Copying 1 resource
2021-08-13 08:50:58,592 [Worker-18: Building workspace] INFO  o.e.m.c.i.embedder.EclipseLogger - Copying 7 resources
2021-08-13 08:50:58,597 [Worker-18: Building workspace] INFO  o.e.m.c.i.embedder.EclipseLogger - Using 'UTF-8' encoding to copy filtered resources.
2021-08-13 08:50:58,598 [Worker-18: Building workspace] INFO  o.e.m.c.i.embedder.EclipseLogger - skip non existing resourceDirectory C:\Users\Laptop\Documents\Spring\prodajaVozila\prodajaVozila\src\test\resources
2021-08-13 08:51:04,071 [Worker-9: Building workspace] INFO  o.e.m.c.i.embedder.EclipseLogger - Using 'UTF-8' encoding to copy filtered resources.
2021-08-13 08:51:04,077 [Worker-9: Building workspace] INFO  o.e.m.c.i.embedder.EclipseLogger - Copying 1 resource
2021-08-13 08:51:04,082 [Worker-9: Building workspace] INFO  o.e.m.c.i.embedder.EclipseLogger - Copying 7 resources
2021-08-13 08:51:04,125 [Worker-9: Building workspace] INFO  o.e.m.c.i.embedder.EclipseLogger - Using 'UTF-8' encoding to copy filtered resources.
2021-08-13 08:51:04,125 [Worker-9: Building workspace] INFO  o.e.m.c.i.embedder.EclipseLogger - skip non existing resourceDirectory C:\Users\Laptop\Documents\Spring\prodajaVozila\prodajaVozila\src\test\resources
2021-08-13 08:51:32,348 [Worker-18: Building workspace] INFO  o.e.m.c.i.l.LifecycleMappingFactory - Using org.eclipse.m2e.jdt.JarLifecycleMapping lifecycle mapping for MavenProject: com.example:prodajaVozila:0.0.1-SNAPSHOT @ C:\Users\Laptop\Documents\Spring\prodajaVozila\prodajaVozila\pom.xml.
2021-08-13 08:51:32,877 [Worker-18: Building workspace] INFO  o.e.m.c.i.embedder.EclipseLogger - Using 'UTF-8' encoding to copy filtered resources.
2021-08-13 08:51:32,880 [Worker-18: Building workspace] INFO  o.e.m.c.i.embedder.EclipseLogger - Copying 0 resource
2021-08-13 08:51:32,880 [Worker-18: Building workspace] INFO  o.e.m.c.i.embedder.EclipseLogger - Copying 0 resource
2021-08-13 08:51:32,883 [Worker-18: Building workspace] INFO  o.e.m.c.i.embedder.EclipseLogger - Using 'UTF-8' encoding to copy filtered resources.
2021-08-13 08:51:32,883 [Worker-18: Building workspace] INFO  o.e.m.c.i.embedder.EclipseLogger - skip non existing resourceDirectory C:\Users\Laptop\Documents\Spring\prodajaVozila\prodajaVozila\src\test\resources
2021-08-13 08:51:45,927 [Worker-16: Building workspace] INFO  o.e.m.c.i.l.LifecycleMappingFactory - Using org.eclipse.m2e.jdt.JarLifecycleMapping lifecycle mapping for MavenProject: com.example:prodajaVozila:0.0.1-SNAPSHOT @ C:\Users\Laptop\Documents\Spring\prodajaVozila\prodajaVozila\pom.xml.
2021-08-13 08:51:46,592 [Worker-16: Building workspace] INFO  o.e.m.c.i.embedder.EclipseLogger - Using 'UTF-8' encoding to copy filtered resources.
2021-08-13 08:51:46,595 [Worker-16: Building workspace] INFO  o.e.m.c.i.embedder.EclipseLogger - Copying 1 resource
2021-08-13 08:51:46,607 [Worker-16: Building workspace] INFO  o.e.m.c.i.embedder.EclipseLogger - Copying 7 resources
2021-08-13 08:51:46,611 [Worker-16: Building workspace] INFO  o.e.m.c.i.embedder.EclipseLogger - Using 'UTF-8' encoding to copy filtered resources.
2021-08-13 08:51:46,611 [Worker-16: Building workspace] INFO  o.e.m.c.i.embedder.EclipseLogger - skip non existing resourceDirectory C:\Users\Laptop\Documents\Spring\prodajaVozila\prodajaVozila\src\test\resources
2022-02-02 23:27:45,091 [Worker-0: Loading available Gradle versions] INFO  o.e.b.c.i.u.g.PublishedGradleVersions - Gradle version information cache is up-to-date. Trying to read.
